# JRE version: OpenJDK Runtime Environment (8.0_242-b01) (build 1.8.0_242-release-1644-b01)
# Java VM: OpenJDK 64-Bit Server VM (25.242-b01 mixed mode windows-amd64 compressed oops)
Heap:
 PSYoungGen      total 128000K, used 91288K [0x00000000e0000000, 0x00000000e8200000, 0x0000000100000000)
  eden space 122880K, 74% used [0x00000000e0000000,0x00000000e5926388,0x00000000e7800000)
  from space 5120K, 0% used [0x00000000e7800000,0x00000000e7800000,0x00000000e7d00000)
  to   space 5120K, 0% used [0x00000000e7d00000,0x00000000e7d00000,0x00000000e8200000)
 ParOldGen       total 57856K, used 9042K [0x00000000a0000000, 0x00000000a3880000, 0x00000000e0000000)
  object space 57856K, 15% used [0x00000000a0000000,0x00000000a08d4900,0x00000000a3880000)
 Metaspace       used 30397K, capacity 31316K, committed 31616K, reserved 1077248K
  class space    used 4157K, capacity 4403K, committed 4480K, reserved 1048576K
GC Heap History (10 events):
Event: 1.172 GC heap before
{Heap before GC invocations=2 (full 0):
 PSYoungGen      total 35840K, used 34934K [0x00000000e0000000, 0x00000000e4600000, 0x0000000100000000)
  eden space 30720K, 100% used [0x00000000e0000000,0x00000000e1e00000,0x00000000e1e00000)
  from space 5120K, 82% used [0x00000000e1e00000,0x00000000e221da18,0x00000000e2300000)
  to   space 5120K, 0% used [0x00000000e4100000,0x00000000e4100000,0x00000000e4600000)
 ParOldGen       total 81920K, used 16K [0x00000000a0000000, 0x00000000a5000000, 0x00000000e0000000)
  object space 81920K, 0% used [0x00000000a0000000,0x00000000a0004000,0x00000000a5000000)
 Metaspace       used 7397K, capacity 7646K, committed 7936K, reserved 1056768K
  class space    used 897K, capacity 973K, committed 1024K, reserved 1048576K
Event: 1.177 GC heap after
Heap after GC invocations=2 (full 0):
 PSYoungGen      total 66560K, used 3352K [0x00000000e0000000, 0x00000000e4600000, 0x0000000100000000)
  eden space 61440K, 0% used [0x00000000e0000000,0x00000000e0000000,0x00000000e3c00000)
  from space 5120K, 65% used [0x00000000e4100000,0x00000000e44463d0,0x00000000e4600000)
  to   space 5120K, 0% used [0x00000000e3c00000,0x00000000e3c00000,0x00000000e4100000)
 ParOldGen       total 81920K, used 24K [0x00000000a0000000, 0x00000000a5000000, 0x00000000e0000000)
  object space 81920K, 0% used [0x00000000a0000000,0x00000000a0006000,0x00000000a5000000)
 Metaspace       used 7397K, capacity 7646K, committed 7936K, reserved 1056768K
  class space    used 897K, capacity 973K, committed 1024K, reserved 1048576K
}
Event: 2.201 GC heap before
{Heap before GC invocations=3 (full 0):
 PSYoungGen      total 66560K, used 64792K [0x00000000e0000000, 0x00000000e4600000, 0x0000000100000000)
  eden space 61440K, 100% used [0x00000000e0000000,0x00000000e3c00000,0x00000000e3c00000)
  from space 5120K, 65% used [0x00000000e4100000,0x00000000e44463d0,0x00000000e4600000)
  to   space 5120K, 0% used [0x00000000e3c00000,0x00000000e3c00000,0x00000000e4100000)
 ParOldGen       total 81920K, used 24K [0x00000000a0000000, 0x00000000a5000000, 0x00000000e0000000)
  object space 81920K, 0% used [0x00000000a0000000,0x00000000a0006000,0x00000000a5000000)
 Metaspace       used 13398K, capacity 13728K, committed 14080K, reserved 1060864K
  class space    used 1826K, capacity 1930K, committed 2048K, reserved 1048576K
Event: 2.208 GC heap after
Heap after GC invocations=3 (full 0):
 PSYoungGen      total 66560K, used 5104K [0x00000000e0000000, 0x00000000e8200000, 0x0000000100000000)
  eden space 61440K, 0% used [0x00000000e0000000,0x00000000e0000000,0x00000000e3c00000)
  from space 5120K, 99% used [0x00000000e3c00000,0x00000000e40fc030,0x00000000e4100000)
  to   space 5120K, 0% used [0x00000000e7d00000,0x00000000e7d00000,0x00000000e8200000)
 ParOldGen       total 81920K, used 3610K [0x00000000a0000000, 0x00000000a5000000, 0x00000000e0000000)
  object space 81920K, 4% used [0x00000000a0000000,0x00000000a0386b98,0x00000000a5000000)
 Metaspace       used 13398K, capacity 13728K, committed 14080K, reserved 1060864K
  class space    used 1826K, capacity 1930K, committed 2048K, reserved 1048576K
}
Event: 3.061 GC heap before
{Heap before GC invocations=4 (full 0):
 PSYoungGen      total 66560K, used 66544K [0x00000000e0000000, 0x00000000e8200000, 0x0000000100000000)
  eden space 61440K, 100% used [0x00000000e0000000,0x00000000e3c00000,0x00000000e3c00000)
  from space 5120K, 99% used [0x00000000e3c00000,0x00000000e40fc030,0x00000000e4100000)
  to   space 5120K, 0% used [0x00000000e7d00000,0x00000000e7d00000,0x00000000e8200000)
 ParOldGen       total 81920K, used 3610K [0x00000000a0000000, 0x00000000a5000000, 0x00000000e0000000)
  object space 81920K, 4% used [0x00000000a0000000,0x00000000a0386b98,0x00000000a5000000)
 Metaspace       used 18265K, capacity 18930K, committed 19200K, reserved 1064960K
  class space    used 2560K, capacity 2731K, committed 2816K, reserved 1048576K
Event: 3.080 GC heap after
Heap after GC invocations=4 (full 0):
 PSYoungGen      total 128000K, used 5104K [0x00000000e0000000, 0x00000000e8200000, 0x0000000100000000)
  eden space 122880K, 0% used [0x00000000e0000000,0x00000000e0000000,0x00000000e7800000)
  from space 5120K, 99% used [0x00000000e7d00000,0x00000000e81fc050,0x00000000e8200000)
  to   space 5120K, 0% used [0x00000000e7800000,0x00000000e7800000,0x00000000e7d00000)
 ParOldGen       total 81920K, used 9121K [0x00000000a0000000, 0x00000000a5000000, 0x00000000e0000000)
  object space 81920K, 11% used [0x00000000a0000000,0x00000000a08e86f0,0x00000000a5000000)
 Metaspace       used 18265K, capacity 18930K, committed 19200K, reserved 1064960K
  class space    used 2560K, capacity 2731K, committed 2816K, reserved 1048576K
}
Event: 3.737 GC heap before
{Heap before GC invocations=5 (full 0):
 PSYoungGen      total 128000K, used 41497K [0x00000000e0000000, 0x00000000e8200000, 0x0000000100000000)
  eden space 122880K, 29% used [0x00000000e0000000,0x00000000e238a698,0x00000000e7800000)
  from space 5120K, 99% used [0x00000000e7d00000,0x00000000e81fc050,0x00000000e8200000)
  to   space 5120K, 0% used [0x00000000e7800000,0x00000000e7800000,0x00000000e7d00000)
 ParOldGen       total 81920K, used 9121K [0x00000000a0000000, 0x00000000a5000000, 0x00000000e0000000)
  object space 81920K, 11% used [0x00000000a0000000,0x00000000a08e86f0,0x00000000a5000000)
 Metaspace       used 20546K, capacity 21166K, committed 21296K, reserved 1067008K
  class space    used 2935K, capacity 3107K, committed 3200K, reserved 1048576K
Event: 3.745 GC heap after
Heap after GC invocations=5 (full 0):
 PSYoungGen      total 128000K, used 5108K [0x00000000e0000000, 0x00000000e8200000, 0x0000000100000000)
  eden space 122880K, 0% used [0x00000000e0000000,0x00000000e0000000,0x00000000e7800000)
  from space 5120K, 99% used [0x00000000e7800000,0x00000000e7cfd030,0x00000000e7d00000)
  to   space 5120K, 0% used [0x00000000e7d00000,0x00000000e7d00000,0x00000000e8200000)
 ParOldGen       total 81920K, used 12200K [0x00000000a0000000, 0x00000000a5000000, 0x00000000e0000000)
  object space 81920K, 14% used [0x00000000a0000000,0x00000000a0bea380,0x00000000a5000000)
 Metaspace       used 20546K, capacity 21166K, committed 21296K, reserved 1067008K
  class space    used 2935K, capacity 3107K, committed 3200K, reserved 1048576K
}
Event: 3.745 GC heap before
{Heap before GC invocations=6 (full 1):
 PSYoungGen      total 128000K, used 5108K [0x00000000e0000000, 0x00000000e8200000, 0x0000000100000000)
  eden space 122880K, 0% used [0x00000000e0000000,0x00000000e0000000,0x00000000e7800000)
  from space 5120K, 99% used [0x00000000e7800000,0x00000000e7cfd030,0x00000000e7d00000)
  to   space 5120K, 0% used [0x00000000e7d00000,0x00000000e7d00000,0x00000000e8200000)
 ParOldGen       total 81920K, used 12200K [0x00000000a0000000, 0x00000000a5000000, 0x00000000e0000000)
  object space 81920K, 14% used [0x00000000a0000000,0x00000000a0bea380,0x00000000a5000000)
 Metaspace       used 20546K, capacity 21166K, committed 21296K, reserved 1067008K
  class space    used 2935K, capacity 3107K, committed 3200K, reserved 1048576K
Event: 3.776 GC heap after
Heap after GC invocations=6 (full 1):
 PSYoungGen      total 128000K, used 0K [0x00000000e0000000, 0x00000000e8200000, 0x0000000100000000)
  eden space 122880K, 0% used [0x00000000e0000000,0x00000000e0000000,0x00000000e7800000)
  from space 5120K, 0% used [0x00000000e7800000,0x00000000e7800000,0x00000000e7d00000)
  to   space 5120K, 0% used [0x00000000e7d00000,0x00000000e7d00000,0x00000000e8200000)
 ParOldGen       total 57856K, used 9042K [0x00000000a0000000, 0x00000000a3880000, 0x00000000e0000000)
  object space 57856K, 15% used [0x00000000a0000000,0x00000000a08d4900,0x00000000a3880000)
 Metaspace       used 20546K, capacity 21166K, committed 21296K, reserved 1067008K
  class space    used 2935K, capacity 3107K, committed 3200K, reserved 1048576K
}

