# JRE version: OpenJDK Runtime Environment (8.0_242-b01) (build 1.8.0_242-release-1644-b01)
# Java VM: OpenJDK 64-Bit Server VM (25.242-b01 mixed mode windows-amd64 compressed oops)
Heap:
 PSYoungGen      total 134144K, used 59016K [0x00000000e0000000, 0x00000000e8f00000, 0x0000000100000000)
  eden space 122368K, 41% used [0x00000000e0000000,0x00000000e31ad630,0x00000000e7780000)
  from space 11776K, 69% used [0x00000000e7780000,0x00000000e7f74cf0,0x00000000e8300000)
  to   space 11264K, 0% used [0x00000000e8300000,0x00000000e8300000,0x00000000e8e00000)
 ParOldGen       total 55808K, used 15938K [0x00000000a0000000, 0x00000000a3680000, 0x00000000e0000000)
  object space 55808K, 28% used [0x00000000a0000000,0x00000000a0f90890,0x00000000a3680000)
 Metaspace       used 44536K, capacity 46478K, committed 46720K, reserved 1089536K
  class space    used 6023K, capacity 6420K, committed 6528K, reserved 1048576K
GC Heap History (10 events):
Event: 2.786 GC heap before
{Heap before GC invocations=7 (full 1):
 PSYoungGen      total 133632K, used 8005K [0x00000000e0000000, 0x00000000e8f00000, 0x0000000100000000)
  eden space 122368K, 0% used [0x00000000e0000000,0x00000000e0000000,0x00000000e7780000)
  from space 11264K, 71% used [0x00000000e8300000,0x00000000e8ad1708,0x00000000e8e00000)
  to   space 11776K, 0% used [0x00000000e7780000,0x00000000e7780000,0x00000000e8300000)
 ParOldGen       total 81920K, used 7975K [0x00000000a0000000, 0x00000000a5000000, 0x00000000e0000000)
  object space 81920K, 9% used [0x00000000a0000000,0x00000000a07c9c88,0x00000000a5000000)
 Metaspace       used 20549K, capacity 21166K, committed 21296K, reserved 1067008K
  class space    used 2935K, capacity 3107K, committed 3200K, reserved 1048576K
Event: 2.817 GC heap after
Heap after GC invocations=7 (full 1):
 PSYoungGen      total 133632K, used 0K [0x00000000e0000000, 0x00000000e8f00000, 0x0000000100000000)
  eden space 122368K, 0% used [0x00000000e0000000,0x00000000e0000000,0x00000000e7780000)
  from space 11264K, 0% used [0x00000000e8300000,0x00000000e8300000,0x00000000e8e00000)
  to   space 11776K, 0% used [0x00000000e7780000,0x00000000e7780000,0x00000000e8300000)
 ParOldGen       total 55808K, used 8892K [0x00000000a0000000, 0x00000000a3680000, 0x00000000e0000000)
  object space 55808K, 15% used [0x00000000a0000000,0x00000000a08af1d8,0x00000000a3680000)
 Metaspace       used 20549K, capacity 21166K, committed 21296K, reserved 1067008K
  class space    used 2935K, capacity 3107K, committed 3200K, reserved 1048576K
}
Event: 4.065 GC heap before
{Heap before GC invocations=8 (full 1):
 PSYoungGen      total 133632K, used 122368K [0x00000000e0000000, 0x00000000e8f00000, 0x0000000100000000)
  eden space 122368K, 100% used [0x00000000e0000000,0x00000000e7780000,0x00000000e7780000)
  from space 11264K, 0% used [0x00000000e8300000,0x00000000e8300000,0x00000000e8e00000)
  to   space 11776K, 0% used [0x00000000e7780000,0x00000000e7780000,0x00000000e8300000)
 ParOldGen       total 55808K, used 8892K [0x00000000a0000000, 0x00000000a3680000, 0x00000000e0000000)
  object space 55808K, 15% used [0x00000000a0000000,0x00000000a08af1d8,0x00000000a3680000)
 Metaspace       used 32356K, capacity 33306K, committed 33408K, reserved 1077248K
  class space    used 4473K, capacity 4709K, committed 4736K, reserved 1048576K
Event: 4.078 GC heap after
Heap after GC invocations=8 (full 1):
 PSYoungGen      total 134144K, used 11760K [0x00000000e0000000, 0x00000000e8f00000, 0x0000000100000000)
  eden space 122368K, 0% used [0x00000000e0000000,0x00000000e0000000,0x00000000e7780000)
  from space 11776K, 99% used [0x00000000e7780000,0x00000000e82fc0f0,0x00000000e8300000)
  to   space 11264K, 0% used [0x00000000e8300000,0x00000000e8300000,0x00000000e8e00000)
 ParOldGen       total 55808K, used 10790K [0x00000000a0000000, 0x00000000a3680000, 0x00000000e0000000)
  object space 55808K, 19% used [0x00000000a0000000,0x00000000a0a89a88,0x00000000a3680000)
 Metaspace       used 32356K, capacity 33306K, committed 33408K, reserved 1077248K
  class space    used 4473K, capacity 4709K, committed 4736K, reserved 1048576K
}
Event: 4.329 GC heap before
{Heap before GC invocations=9 (full 1):
 PSYoungGen      total 134144K, used 54811K [0x00000000e0000000, 0x00000000e8f00000, 0x0000000100000000)
  eden space 122368K, 35% used [0x00000000e0000000,0x00000000e2a0aee8,0x00000000e7780000)
  from space 11776K, 99% used [0x00000000e7780000,0x00000000e82fc0f0,0x00000000e8300000)
  to   space 11264K, 0% used [0x00000000e8300000,0x00000000e8300000,0x00000000e8e00000)
 ParOldGen       total 55808K, used 10790K [0x00000000a0000000, 0x00000000a3680000, 0x00000000e0000000)
  object space 55808K, 19% used [0x00000000a0000000,0x00000000a0a89a88,0x00000000a3680000)
 Metaspace       used 34316K, capacity 35344K, committed 35456K, reserved 1079296K
  class space    used 4687K, capacity 4929K, committed 4992K, reserved 1048576K
Event: 4.341 GC heap after
Heap after GC invocations=9 (full 1):
 PSYoungGen      total 133632K, used 9273K [0x00000000e0000000, 0x00000000e8f00000, 0x0000000100000000)
  eden space 122368K, 0% used [0x00000000e0000000,0x00000000e0000000,0x00000000e7780000)
  from space 11264K, 82% used [0x00000000e8300000,0x00000000e8c0e718,0x00000000e8e00000)
  to   space 11776K, 0% used [0x00000000e7780000,0x00000000e7780000,0x00000000e8300000)
 ParOldGen       total 55808K, used 10798K [0x00000000a0000000, 0x00000000a3680000, 0x00000000e0000000)
  object space 55808K, 19% used [0x00000000a0000000,0x00000000a0a8ba88,0x00000000a3680000)
 Metaspace       used 34316K, capacity 35344K, committed 35456K, reserved 1079296K
  class space    used 4687K, capacity 4929K, committed 4992K, reserved 1048576K
}
Event: 4.341 GC heap before
{Heap before GC invocations=10 (full 2):
 PSYoungGen      total 133632K, used 9273K [0x00000000e0000000, 0x00000000e8f00000, 0x0000000100000000)
  eden space 122368K, 0% used [0x00000000e0000000,0x00000000e0000000,0x00000000e7780000)
  from space 11264K, 82% used [0x00000000e8300000,0x00000000e8c0e718,0x00000000e8e00000)
  to   space 11776K, 0% used [0x00000000e7780000,0x00000000e7780000,0x00000000e8300000)
 ParOldGen       total 55808K, used 10798K [0x00000000a0000000, 0x00000000a3680000, 0x00000000e0000000)
  object space 55808K, 19% used [0x00000000a0000000,0x00000000a0a8ba88,0x00000000a3680000)
 Metaspace       used 34316K, capacity 35344K, committed 35456K, reserved 1079296K
  class space    used 4687K, capacity 4929K, committed 4992K, reserved 1048576K
Event: 4.378 GC heap after
Heap after GC invocations=10 (full 2):
 PSYoungGen      total 133632K, used 0K [0x00000000e0000000, 0x00000000e8f00000, 0x0000000100000000)
  eden space 122368K, 0% used [0x00000000e0000000,0x00000000e0000000,0x00000000e7780000)
  from space 11264K, 0% used [0x00000000e8300000,0x00000000e8300000,0x00000000e8e00000)
  to   space 11776K, 0% used [0x00000000e7780000,0x00000000e7780000,0x00000000e8300000)
 ParOldGen       total 55808K, used 15930K [0x00000000a0000000, 0x00000000a3680000, 0x00000000e0000000)
  object space 55808K, 28% used [0x00000000a0000000,0x00000000a0f8e890,0x00000000a3680000)
 Metaspace       used 34316K, capacity 35344K, committed 35456K, reserved 1079296K
  class space    used 4687K, capacity 4929K, committed 4992K, reserved 1048576K
}
Event: 5.525 GC heap before
{Heap before GC invocations=11 (full 2):
 PSYoungGen      total 133632K, used 122368K [0x00000000e0000000, 0x00000000e8f00000, 0x0000000100000000)
  eden space 122368K, 100% used [0x00000000e0000000,0x00000000e7780000,0x00000000e7780000)
  from space 11264K, 0% used [0x00000000e8300000,0x00000000e8300000,0x00000000e8e00000)
  to   space 11776K, 0% used [0x00000000e7780000,0x00000000e7780000,0x00000000e8300000)
 ParOldGen       total 55808K, used 15930K [0x00000000a0000000, 0x00000000a3680000, 0x00000000e0000000)
  object space 55808K, 28% used [0x00000000a0000000,0x00000000a0f8e890,0x00000000a3680000)
 Metaspace       used 38977K, capacity 40818K, committed 41088K, reserved 1085440K
  class space    used 5326K, capacity 5728K, committed 5760K, reserved 1048576K
Event: 5.532 GC heap after
Heap after GC invocations=11 (full 2):
 PSYoungGen      total 134144K, used 8147K [0x00000000e0000000, 0x00000000e8f00000, 0x0000000100000000)
  eden space 122368K, 0% used [0x00000000e0000000,0x00000000e0000000,0x00000000e7780000)
  from space 11776K, 69% used [0x00000000e7780000,0x00000000e7f74cf0,0x00000000e8300000)
  to   space 11264K, 0% used [0x00000000e8300000,0x00000000e8300000,0x00000000e8e00000)
 ParOldGen       total 55808K, used 15938K [0x00000000a0000000, 0x00000000a3680000, 0x00000000e0000000)
  object space 55808K, 28% used [0x00000000a0000000,0x00000000a0f90890,0x00000000a3680000)
 Metaspace       used 38977K, capacity 40818K, committed 41088K, reserved 1085440K
  class space    used 5326K, capacity 5728K, committed 5760K, reserved 1048576K
}

